FAIL src/AddItem.test.tsx
  ● AddItem › should call onAdd prop when Add button is clicked

    expect(jest.fn()).toHaveBeenCalledWith(...expected)

    Expected: "New Task", "High"
    Received: {"priority": NaN, "task": "New Task"}

    Number of calls: 1

      20 |     fireEvent.click(addButton);
      21 |
    > 22 |     expect(onAddMock).toHaveBeenCalledWith('New Task', 'High');
         |                       ^
      23 |   });
      24 | });
      25 |

      at Object.<anonymous> (src/AddItem.test.tsx:22:23)

 › 4 snapshots obsolete.
   • AddItem AddItem component matches the snapshot 1
   • AddItem component matches the snapshot 1
   • AddItem matches the snapshot 1
   • AddItem renders correctly 1
PASS src/App.test.tsx
PASS src/ToDoList.test.tsx

Snapshot Summary
 › 4 snapshots obsolete from 1 test suite. To remove them all, re-run jest with `-u`.
   ↳ src/AddItem.test.tsx
       • AddItem AddItem component matches the snapshot 1
       • AddItem component matches the snapshot 1
       • AddItem matches the snapshot 1
       • AddItem renders correctly 1

Test Suites: 1 failed, 2 passed, 3 total
Tests:       1 failed, 8 passed, 9 total
Snapshots:   4 obsolete, 0 total
Time:        1.181 s
Ran all test suites.
